2019-09-20 20:26:14,850 [1] INFO  Photon.LoadBalancing.GameServer.GameApplication - Setup: serverId=5c8969b1-e37a-4d23-8c1c-0c6e257425ea
2019-09-20 20:26:14,893 [1] INFO  Photon.Hive.Plugin.PluginManager - Plugin configured: name=WebHooksPlugin1.2
2019-09-20 20:26:14,894 [1] INFO  Photon.Hive.Plugin.PluginManager - 	Attribute: BaseUrl=http://photon-photon-pluginsdk-v1.webscript.io
2019-09-20 20:26:14,895 [1] INFO  Photon.Hive.Plugin.PluginManager - 	Attribute: IsPersistent=true
2019-09-20 20:26:14,897 [1] INFO  Photon.Hive.Plugin.PluginManager - 	Attribute: HasErrorInfo=true
2019-09-20 20:26:14,897 [1] INFO  Photon.Hive.Plugin.PluginManager - 	Attribute: PathClose=GameClose
2019-09-20 20:26:14,898 [1] INFO  Photon.Hive.Plugin.PluginManager - 	Attribute: PathCreate=GameCreate
2019-09-20 20:26:14,900 [1] INFO  Photon.Hive.Plugin.PluginManager - 	Attribute: PathEvent=GameEvent
2019-09-20 20:26:14,901 [1] INFO  Photon.Hive.Plugin.PluginManager - 	Attribute: PathGameProperties=GameProperties
2019-09-20 20:26:14,901 [1] INFO  Photon.Hive.Plugin.PluginManager - 	Attribute: PathJoin=GameJoin
2019-09-20 20:26:14,903 [1] INFO  Photon.Hive.Plugin.PluginManager - 	Attribute: PathLeave=GameLeave
2019-09-20 20:26:14,904 [1] INFO  Photon.Hive.Plugin.PluginManager - 	Attribute: PathLoad=GameCreate
2019-09-20 20:26:14,944 [1] INFO  Photon.Hive.Plugin.PluginManager - Loaded Assembly Name=PhotonHive.WebHooksPlugin1.2, Version=4.0.29.11263, Culture=, PublicKey token=, Path=D:\Repos\dropshot\src\Dropshot.WebServices\bin\Debug\Photon\Plugins\WebHooksPlugin1.2\\bin\PhotonHive.WebhooksPlugin1.2.dll
2019-09-20 20:26:14,945 [1] INFO  Photon.Hive.Plugin.PluginManager - Referenced Assembly Name=mscorlib, Version=4.0.0.0, Culture=, PublicKey token=B7-7A-5C-56-19-34-E0-89, Path=
2019-09-20 20:26:14,945 [1] INFO  Photon.Hive.Plugin.PluginManager - Referenced Assembly Name=PhotonHivePlugin, Version=1.0.15.11060, Culture=, PublicKey token=, Path=
2019-09-20 20:26:14,946 [1] INFO  Photon.Hive.Plugin.PluginManager - Referenced Assembly Name=Newtonsoft.Json, Version=6.0.0.0, Culture=, PublicKey token=30-AD-4F-E6-B2-A6-AE-ED, Path=
2019-09-20 20:26:14,946 [1] INFO  Photon.Hive.Plugin.PluginManager - Referenced Assembly Name=System, Version=4.0.0.0, Culture=, PublicKey token=B7-7A-5C-56-19-34-E0-89, Path=
2019-09-20 20:26:14,948 [1] INFO  Photon.Hive.Plugin.PluginManager - Plugin Type Photon.Hive.Plugin.WebHooks.PluginFactory from assembly PhotonHive.WebHooksPlugin1.2, Version=4.0.29.11263, Culture=neutral, PublicKeyToken=null was successfuly created
2019-09-20 20:26:14,949 [1] INFO  Photon.Hive.Plugin.PluginManager - Plugin manager (version=1.0.15.11060) is setup. type=Photon.Hive.Plugin.WebHooks.PluginFactory;path=D:\Repos\dropshot\src\Dropshot.WebServices\bin\Debug\Photon\Plugins\WebHooksPlugin1.2\\bin\PhotonHive.WebhooksPlugin1.2.dll;version=1.0.15.11060
2019-09-20 20:26:16,616 [1] INFO  Photon.SocketServer.Diagnostics.PerfCounterManagerBase - PerformanceCounter category 'Photon: Http Queue Counters' does not exists and will be created
2019-09-20 20:26:16,790 [1] INFO  Photon.SocketServer.Diagnostics.HttpQueuePerformanceCounters - HTTP Queue performance counters successfully initialized
2019-09-20 20:26:16,791 [1] INFO  Photon.SocketServer.Diagnostics.HttpQueuePerformanceCounters - Internal HTTP Queue performance counters successfully created
2019-09-20 20:26:16,800 [1] INFO  Photon.LoadBalancing.GameServer.GameApplication - TokenCreator intialized with an expiration of 02:46:40
2019-09-20 20:26:18,924 [1] WARN  Photon.Common.LoadBalancer.LoadShedding.WorkloadController - Did not find counter Business Logic Queue
2019-09-20 20:26:18,925 [1] WARN  Photon.Common.LoadBalancer.LoadShedding.WorkloadController - Did not find counter ENet Queue
2019-09-20 20:26:18,926 [1] WARN  Photon.Common.LoadBalancer.LoadShedding.WorkloadController - Did not find counter bytes in/sec
2019-09-20 20:26:18,927 [1] WARN  Photon.Common.LoadBalancer.LoadShedding.WorkloadController - Did not find counter bytes out/sec
2019-09-20 20:26:18,928 [1] WARN  Photon.Common.LoadBalancer.LoadShedding.WorkloadController - Did not find counter ENet Threads Processing
2019-09-20 20:26:18,930 [1] WARN  Photon.Common.LoadBalancer.LoadShedding.WorkloadController - Did not find counter ENet Threads Active
2019-09-20 20:26:18,931 [1] WARN  Photon.Common.LoadBalancer.LoadShedding.WorkloadController - Did not find counter Time Spent In Server: In (ms)
2019-09-20 20:26:18,933 [1] WARN  Photon.Common.LoadBalancer.LoadShedding.WorkloadController - Did not find counter Time Spent In Server: Out (ms)
2019-09-20 20:26:18,934 [1] WARN  Photon.Common.LoadBalancer.LoadShedding.WorkloadController - Did not find counter TCP: Disconnected Peers +/sec
2019-09-20 20:26:18,936 [1] WARN  Photon.Common.LoadBalancer.LoadShedding.WorkloadController - Did not find counter TCP: Disconnected Peers (C) +/sec
2019-09-20 20:26:18,937 [1] WARN  Photon.Common.LoadBalancer.LoadShedding.WorkloadController - Did not find counter TCP: Peers
2019-09-20 20:26:18,938 [1] WARN  Photon.Common.LoadBalancer.LoadShedding.WorkloadController - Did not find counter UDP: Disconnected Peers +/sec
2019-09-20 20:26:18,940 [1] WARN  Photon.Common.LoadBalancer.LoadShedding.WorkloadController - Did not find counter UDP: Disconnected Peers (C) +/sec
2019-09-20 20:26:18,941 [1] WARN  Photon.Common.LoadBalancer.LoadShedding.WorkloadController - Did not find counter UDP: Peers
2019-09-20 20:26:18,965 [1] WARN  Photon.Common.LoadBalancer.LoadShedding.FeedbackControlSystem - Could not initialize Feedback Control System from configuration: Invalid configuration file D:\Repos\dropshot\src\Dropshot.WebServices\bin\Debug\Photon\Workload.config. Using default settings... (Could not find file 'D:\Repos\dropshot\src\Dropshot.WebServices\bin\Debug\Photon\Workload.config'.)
2019-09-20 20:26:18,982 [1] INFO  Photon.Common.LoadBalancer.ServerStateManager - Watching for application state file in D:\Repos\dropshot\src\Dropshot.WebServices\bin\Debug\Photon\ServerState.txt
2019-09-20 20:26:18,990 [1] INFO  Photon.Common.LoadBalancer.ServerStateManager - Server state is set to online
2019-09-20 20:26:18,993 [1] INFO  Photon.LoadBalancing.GameServer.GameApplication - Initializing master server connection ...
2019-09-20 20:26:19,015 [1] INFO  Photon.LoadBalancing.GameServer.MasterServerConnectionBase - Connecting to master at 127.0.0.1:4520, serverId=5c8969b1-e37a-4d23-8c1c-0c6e257425ea
2019-09-20 20:26:19,067 [1] INFO  Photon.SocketServer.ApplicationBase - Application start: AppId=Game; AppPath=D:\Repos\dropshot\src\Dropshot.WebServices\bin\Debug\Photon\LoadBalancing\GameServer, Type=Photon.LoadBalancing.GameServer.GameApplication 
2019-09-20 20:26:19,079 [1] INFO  Photon.SocketServer.Diagnostics.CounterPublisher - CounterPublisher started publishing ExitGames.Diagnostics.Monitoring.CounterSamplePublisher to ExitGames.Diagnostics.Monitoring.CounterSampleSender
2019-09-20 20:26:20,123 [12] INFO  Photon.Common.LoadBalancer.LoadShedding.FeedbackController - Transit CpuUsage from Lowest to Low with input 43
2019-09-20 20:26:20,124 [12] INFO  Photon.Common.LoadBalancer.LoadShedding.WorkloadController - FeedbackLevel changed: old=Lowest, new=Low
2019-09-20 20:26:21,225 [11] INFO  Photon.Common.LoadBalancer.LoadShedding.FeedbackController - Transit CpuUsage from Low to Normal with input 59
2019-09-20 20:26:21,225 [11] INFO  Photon.Common.LoadBalancer.LoadShedding.WorkloadController - FeedbackLevel changed: old=Low, new=Normal
2019-09-20 20:26:22,686 [10] INFO  Photon.LoadBalancing.GameServer.MasterServerConnectionBase - Master connection established: address:127.0.0.1
2019-09-20 20:26:22,687 [10] INFO  Photon.Common.LoadBalancer.ServerStateManager - Server state is set to online
2019-09-20 20:26:22,695 [10] INFO  Photon.LoadBalancing.GameServer.OutgoingMasterServerPeer - Registering game server with address 127.0.0.1, TCP 4531, UDP 5056, WebSocket 9091, Secure WebSocket 19091, HTTP 80, ServerID 5c8969b1-e37a-4d23-8c1c-0c6e257425ea, Hostname localhost, IPv6Address 
2019-09-20 20:26:22,829 [14] INFO  Photon.LoadBalancing.GameServer.OutgoingMasterServerPeer - Successfully registered at master server: serverId=5c8969b1-e37a-4d23-8c1c-0c6e257425ea
2019-09-20 20:28:41,857 [11] INFO  Photon.Hive.Plugin.PluginManager - Plugin successfully created:Type:Photon.Hive.Plugin.WebHooks.PluginFactory, path:D:\Repos\dropshot\src\Dropshot.WebServices\bin\Debug\Photon\Plugins\WebHooksPlugin1.2\\bin\PhotonHive.WebhooksPlugin1.2.dll
2019-09-20 20:28:41,965 [17] INFO  Photon.Hive.Plugin.PluginManager - Plugin successfully created:Type:Photon.Hive.Plugin.WebHooks.PluginFactory, path:D:\Repos\dropshot\src\Dropshot.WebServices\bin\Debug\Photon\Plugins\WebHooksPlugin1.2\\bin\PhotonHive.WebhooksPlugin1.2.dll
2019-09-20 20:28:42,446 [19] INFO  Photon.Hive.Plugin.PluginManager - Plugin successfully created:Type:Photon.Hive.Plugin.WebHooks.PluginFactory, path:D:\Repos\dropshot\src\Dropshot.WebServices\bin\Debug\Photon\Plugins\WebHooksPlugin1.2\\bin\PhotonHive.WebhooksPlugin1.2.dll
2019-09-20 20:28:42,793 [16] INFO  Photon.Hive.Plugin.PluginManager - Plugin successfully created:Type:Photon.Hive.Plugin.WebHooks.PluginFactory, path:D:\Repos\dropshot\src\Dropshot.WebServices\bin\Debug\Photon\Plugins\WebHooksPlugin1.2\\bin\PhotonHive.WebhooksPlugin1.2.dll
2019-09-20 20:28:43,152 [17] ERROR Photon.Hive.HiveGame.HiveHostGame.Plugin - Failed to create game on http://photon-photon-pluginsdk-v1.webscript.io/GameCreate? : 'The remote name could not be resolved: 'photon-photon-pluginsdk-v1.webscript.io'' httpcode=-1 webstatus=1 response='', HttpQueueResult=5.
2019-09-20 20:28:43,152 [16] ERROR Photon.Hive.HiveGame.HiveHostGame.Plugin - Failed to create game on http://photon-photon-pluginsdk-v1.webscript.io/GameCreate? : 'The remote name could not be resolved: 'photon-photon-pluginsdk-v1.webscript.io'' httpcode=-1 webstatus=1 response='', HttpQueueResult=5.
2019-09-20 20:28:43,152 [12] ERROR Photon.Hive.HiveGame.HiveHostGame.Plugin - Failed to create game on http://photon-photon-pluginsdk-v1.webscript.io/GameCreate? : 'The remote name could not be resolved: 'photon-photon-pluginsdk-v1.webscript.io'' httpcode=-1 webstatus=1 response='', HttpQueueResult=5.
2019-09-20 20:28:43,153 [19] ERROR Photon.Hive.HiveGame.HiveHostGame.Plugin - Failed to create game on http://photon-photon-pluginsdk-v1.webscript.io/GameCreate? : 'The remote name could not be resolved: 'photon-photon-pluginsdk-v1.webscript.io'' httpcode=-1 webstatus=1 response='', HttpQueueResult=5.
2019-09-20 20:28:43,305 [10] INFO  Photon.Hive.Plugin.PluginManager - Plugin successfully created:Type:Photon.Hive.Plugin.WebHooks.PluginFactory, path:D:\Repos\dropshot\src\Dropshot.WebServices\bin\Debug\Photon\Plugins\WebHooksPlugin1.2\\bin\PhotonHive.WebhooksPlugin1.2.dll
2019-09-20 20:28:43,342 [10] ERROR Photon.Hive.HiveGame.HiveHostGame.Plugin - Failed to create game on http://photon-photon-pluginsdk-v1.webscript.io/GameCreate? : 'The remote name could not be resolved: 'photon-photon-pluginsdk-v1.webscript.io'' httpcode=-1 webstatus=1 response='', HttpQueueResult=5.
2019-09-20 20:30:15,307 [16] INFO  Photon.Hive.Plugin.PluginManager - Plugin successfully created:Type:Photon.Hive.Plugin.WebHooks.PluginFactory, path:D:\Repos\dropshot\src\Dropshot.WebServices\bin\Debug\Photon\Plugins\WebHooksPlugin1.2\\bin\PhotonHive.WebhooksPlugin1.2.dll
2019-09-20 20:30:15,391 [16] ERROR Photon.Hive.HiveGame.HiveHostGame.Plugin - Failed to create game on http://photon-photon-pluginsdk-v1.webscript.io/GameCreate? : 'The remote name could not be resolved: 'photon-photon-pluginsdk-v1.webscript.io'' httpcode=-1 webstatus=1 response='', HttpQueueResult=5.
2019-09-20 20:30:15,868 [10] INFO  Photon.Hive.Plugin.PluginManager - Plugin successfully created:Type:Photon.Hive.Plugin.WebHooks.PluginFactory, path:D:\Repos\dropshot\src\Dropshot.WebServices\bin\Debug\Photon\Plugins\WebHooksPlugin1.2\\bin\PhotonHive.WebhooksPlugin1.2.dll
2019-09-20 20:30:15,874 [10] ERROR Photon.Hive.HiveGame.HiveHostGame.Plugin - Failed to create game on http://photon-photon-pluginsdk-v1.webscript.io/GameCreate? : 'The remote name could not be resolved: 'photon-photon-pluginsdk-v1.webscript.io'' httpcode=-1 webstatus=1 response='', HttpQueueResult=5.
2019-09-20 20:30:16,293 [6] INFO  Photon.Hive.Plugin.PluginManager - Plugin successfully created:Type:Photon.Hive.Plugin.WebHooks.PluginFactory, path:D:\Repos\dropshot\src\Dropshot.WebServices\bin\Debug\Photon\Plugins\WebHooksPlugin1.2\\bin\PhotonHive.WebhooksPlugin1.2.dll
2019-09-20 20:30:16,332 [6] ERROR Photon.Hive.HiveGame.HiveHostGame.Plugin - Failed to create game on http://photon-photon-pluginsdk-v1.webscript.io/GameCreate? : 'The remote name could not be resolved: 'photon-photon-pluginsdk-v1.webscript.io'' httpcode=-1 webstatus=1 response='', HttpQueueResult=5.
2019-09-20 20:30:16,807 [23] INFO  Photon.Hive.Plugin.PluginManager - Plugin successfully created:Type:Photon.Hive.Plugin.WebHooks.PluginFactory, path:D:\Repos\dropshot\src\Dropshot.WebServices\bin\Debug\Photon\Plugins\WebHooksPlugin1.2\\bin\PhotonHive.WebhooksPlugin1.2.dll
2019-09-20 20:30:16,828 [23] ERROR Photon.Hive.HiveGame.HiveHostGame.Plugin - Failed to create game on http://photon-photon-pluginsdk-v1.webscript.io/GameCreate? : 'The remote name could not be resolved: 'photon-photon-pluginsdk-v1.webscript.io'' httpcode=-1 webstatus=1 response='', HttpQueueResult=5.
2019-09-20 20:30:17,235 [17] INFO  Photon.Hive.Plugin.PluginManager - Plugin successfully created:Type:Photon.Hive.Plugin.WebHooks.PluginFactory, path:D:\Repos\dropshot\src\Dropshot.WebServices\bin\Debug\Photon\Plugins\WebHooksPlugin1.2\\bin\PhotonHive.WebhooksPlugin1.2.dll
2019-09-20 20:30:17,246 [17] ERROR Photon.Hive.HiveGame.HiveHostGame.Plugin - Failed to create game on http://photon-photon-pluginsdk-v1.webscript.io/GameCreate? : 'The remote name could not be resolved: 'photon-photon-pluginsdk-v1.webscript.io'' httpcode=-1 webstatus=1 response='', HttpQueueResult=5.
2019-09-20 20:37:51,784 [17] INFO  Photon.Common.LoadBalancer.LoadShedding.FeedbackController - Transit CpuUsage from Normal to Low with input 35
2019-09-20 20:37:51,794 [17] INFO  Photon.Common.LoadBalancer.LoadShedding.WorkloadController - FeedbackLevel changed: old=Normal, new=Low
2019-09-20 20:40:09,674 [10] INFO  Photon.Common.LoadBalancer.LoadShedding.FeedbackController - Transit CpuUsage from Low to Normal with input 50
2019-09-20 20:40:09,675 [10] INFO  Photon.Common.LoadBalancer.LoadShedding.WorkloadController - FeedbackLevel changed: old=Low, new=Normal
2019-09-20 20:41:43,097 [8] INFO  Photon.Common.LoadBalancer.LoadShedding.FeedbackController - Transit CpuUsage from Normal to Low with input 35
2019-09-20 20:41:43,097 [8] INFO  Photon.Common.LoadBalancer.LoadShedding.WorkloadController - FeedbackLevel changed: old=Normal, new=Low
2019-09-20 21:04:06,191 [4] INFO  Photon.Common.LoadBalancer.LoadShedding.FeedbackController - Transit CpuUsage from Low to Lowest with input 20
2019-09-20 21:04:06,192 [4] INFO  Photon.Common.LoadBalancer.LoadShedding.WorkloadController - FeedbackLevel changed: old=Low, new=Lowest
2019-09-20 21:19:48,955 [1] INFO  Photon.LoadBalancing.GameServer.GameApplication - OnStopRequested: serverid=5c8969b1-e37a-4d23-8c1c-0c6e257425ea
2019-09-20 21:19:48,957 [1] INFO  Photon.SocketServer.ApplicationBase - Application is stopping: AppId=Game
2019-09-20 21:19:48,960 [11] INFO  Photon.LoadBalancing.GameServer.OutgoingMasterServerPeer - connection to master closed (id=2, reason=ManagedDisconnect, detail=), serverId=5c8969b1-e37a-4d23-8c1c-0c6e257425ea
2019-09-20 21:19:48,973 [1] INFO  Photon.LoadBalancing.GameServer.GameApplication - TearDown: serverId=5c8969b1-e37a-4d23-8c1c-0c6e257425ea
2019-09-20 21:19:48,974 [1] INFO  Photon.SocketServer.ApplicationBase - Application stop: AppId=Game
