2019-09-20 20:26:19,406 [1] INFO  Photon.LoadBalancing.MasterServer.MasterApplication - TokenCreator intialized with an expiration of 02:46:40
2019-09-20 20:26:20,063 [1] INFO  Photon.SocketServer.Diagnostics.HttpQueuePerformanceCounters - HTTP Queue performance counters successfully initialized
2019-09-20 20:26:20,064 [1] INFO  Photon.SocketServer.Diagnostics.HttpQueuePerformanceCounters - Internal HTTP Queue performance counters successfully created
2019-09-20 20:26:20,067 [1] INFO  Photon.Common.Authentication.Diagnostic.CustomAuthResultCounters - Start to initialize Photon: Custom Authentication Results performance counters
2019-09-20 20:26:21,785 [1] INFO  Photon.SocketServer.Diagnostics.PerfCounterManagerBase - PerformanceCounter category 'Photon: Custom Authentication Results' does not exists and will be created
2019-09-20 20:26:21,936 [1] INFO  Photon.Common.Authentication.Diagnostic.CustomAuthResultCounters - Photon: Custom Authentication Results performance counters successfully initialized
2019-09-20 20:26:21,950 [1] WARN  Photon.Common.LoadBalancer.LoadBalancer`1 - Could not initialize LoadBalancer from configuration: Invalid configuration file D:\Repos\dropshot\src\Dropshot.WebServices\bin\Debug\Photon\LoadBalancer.config. Using default settings... (Could not find file 'D:\Repos\dropshot\src\Dropshot.WebServices\bin\Debug\Photon\LoadBalancer.config'.)
2019-09-20 20:26:22,001 [1] INFO  Photon.LoadBalancing.MasterServer.GameApplication - TokenCreator intialized with an expiration of 02:46:40
2019-09-20 20:26:22,010 [1] INFO  Photon.LoadBalancing.MasterServer.GameApplication - Plugin configured: name=WebHooksPlugin1.2
2019-09-20 20:26:22,011 [1] INFO  Photon.LoadBalancing.MasterServer.GameApplication - 	Attribute: BaseUrl=http://photon-photon-pluginsdk-v1.webscript.io
2019-09-20 20:26:22,012 [1] INFO  Photon.LoadBalancing.MasterServer.GameApplication - 	Attribute: IsPersistent=true
2019-09-20 20:26:22,012 [1] INFO  Photon.LoadBalancing.MasterServer.GameApplication - 	Attribute: HasErrorInfo=true
2019-09-20 20:26:22,013 [1] INFO  Photon.LoadBalancing.MasterServer.GameApplication - 	Attribute: PathClose=GameClose
2019-09-20 20:26:22,014 [1] INFO  Photon.LoadBalancing.MasterServer.GameApplication - 	Attribute: PathCreate=GameCreate
2019-09-20 20:26:22,014 [1] INFO  Photon.LoadBalancing.MasterServer.GameApplication - 	Attribute: PathEvent=GameEvent
2019-09-20 20:26:22,014 [1] INFO  Photon.LoadBalancing.MasterServer.GameApplication - 	Attribute: PathGameProperties=GameProperties
2019-09-20 20:26:22,015 [1] INFO  Photon.LoadBalancing.MasterServer.GameApplication - 	Attribute: PathJoin=GameJoin
2019-09-20 20:26:22,016 [1] INFO  Photon.LoadBalancing.MasterServer.GameApplication - 	Attribute: PathLeave=GameLeave
2019-09-20 20:26:22,017 [1] INFO  Photon.LoadBalancing.MasterServer.GameApplication - 	Attribute: PathLoad=GameCreate
2019-09-20 20:26:22,062 [1] INFO  Photon.LoadBalancing.MasterServer.GameApplication - Application {Default}/{Default} starts without Redis
2019-09-20 20:26:22,435 [1] INFO  Photon.LoadBalancing.Common.NodesReader - Import nodes
2019-09-20 20:26:22,437 [1] WARN  Photon.LoadBalancing.Common.NodesReader - D:\Repos\dropshot\src\Dropshot.WebServices\bin\Debug\Photon\Nodes.txt does not exist, CurrentNodeId = 0
2019-09-20 20:26:22,437 [1] INFO  Photon.LoadBalancing.Common.NodesReader - Watching D:\Repos\dropshot\src\Dropshot.WebServices\bin\Debug\Photon\Nodes.txt
2019-09-20 20:26:22,439 [1] INFO  Photon.LoadBalancing.MasterServer.MasterApplication - Current Node (nodeId=0) is the active master (leader)
2019-09-20 20:26:22,439 [1] INFO  Photon.SocketServer.ApplicationBase - Application start: AppId=Master; AppPath=D:\Repos\dropshot\src\Dropshot.WebServices\bin\Debug\Photon\LoadBalancing\Master, Type=Photon.LoadBalancing.MasterServer.MasterApplication 
2019-09-20 20:26:22,477 [1] INFO  Photon.SocketServer.Diagnostics.CounterPublisher - CounterPublisher started publishing ExitGames.Diagnostics.Monitoring.CounterSamplePublisher to ExitGames.Diagnostics.Monitoring.CounterSampleSender
2019-09-20 20:26:22,513 [14] INFO  Photon.LoadBalancing.MasterServer.GameServer.IncomingGameServerPeer - game server connection from 127.0.0.1:51788 established (id=2)
2019-09-20 20:26:22,783 [14] WARN  Photon.LoadBalancing.Common.NodesReader - Internal address for node 0 unknown; using loop back
2019-09-20 20:26:22,784 [14] INFO  Photon.LoadBalancing.Common.NodesReader - Node added: 0 = 127.0.0.1
2019-09-20 21:19:48,957 [24] INFO  Photon.LoadBalancing.MasterServer.GameServer.IncomingGameServerPeer - OnDisconnect: game server connection closed (connectionId=2, serverId=5c8969b1-e37a-4d23-8c1c-0c6e257425ea, reason=ClientDisconnect)
2019-09-20 21:19:48,962 [1] INFO  Photon.SocketServer.ApplicationBase - Application is stopping: AppId=Master
2019-09-20 21:19:48,976 [1] INFO  Photon.SocketServer.ApplicationBase - Application stop: AppId=Master
