12628: 20:23:04.955 - ---
12628: 20:23:04.955 - Service: "Photon Socket Server" starting
12628: 20:23:04.955 - Config File: D:\Repos\dropshot\src\Dropshot.WebServices\bin\Debug\Photon\PhotonServer.config
12628: 20:23:04.957 - Will produce at most: 10 crash dumps
12628: 20:23:04.958 - Action: install service
12628: 20:23:04.958 - 
12628: 20:23:04.958 - ERROR: ***************************************************************
12628: 20:23:04.958 - ERROR: "LoadBalancing" is already installed as a service.
12628: 20:23:04.958 - ERROR: ***************************************************************
12628: 20:23:04.958 - 
12628: 20:23:04.958 - MessageBox: Photon Socket Server: LoadBalancing - 4.0.28.2962

"LoadBalancing" is already installed as a service.
12628: 20:23:07.550 - Service shutting down: service already installed. Errorcode: 103
12628: 20:23:07.554 - Service shut down complete
12484: 20:24:39.679 - ---
12484: 20:24:39.679 - Service: "Photon Socket Server" starting
12484: 20:24:39.679 - Config File: D:\Repos\dropshot\src\Dropshot.WebServices\bin\Debug\Photon\PhotonServer.config
12484: 20:24:39.681 - Will produce at most: 10 crash dumps
12484: 20:24:39.681 - Action: remove service
12484: 20:24:39.681 - 
12484: 20:24:39.681 - ERROR: ***************************************************************
12484: 20:24:39.681 - ERROR: Can't find configuration file: "D:\Repos\dropshot\src\Dropshot.WebServices\bin\Debug\Photon\PhotonServer.config".
12484: 20:24:39.681 - ERROR: ***************************************************************
12484: 20:24:39.681 - 
12484: 20:24:39.681 - MessageBox: Photon Socket Server: LoadBalancing - 4.0.28.2962

Can't find configuration file: "D:\Repos\dropshot\src\Dropshot.WebServices\bin\Debug\Photon\PhotonServer.config".
12484: 20:25:13.251 - Service shutting down: can't find configuration file. Errorcode: 102
12484: 20:25:13.254 - Service shut down complete
9516: 20:25:37.961 - ---
9516: 20:25:37.961 - Service: "Photon Socket Server" starting
9516: 20:25:37.961 - Config File: D:\Repos\dropshot\src\Dropshot.WebServices\bin\Debug\Photon\PhotonServer.config
9516: 20:25:37.963 - Will produce at most: 10 crash dumps
9516: 20:25:37.964 - Action: remove service
9516: 20:25:37.965 - Service: "Photon Socket Server: LoadBalancing" removed
9516: 20:25:37.965 - MessageBox: Photon Socket Server: LoadBalancing - 4.0.28.2962

Service removed

Instance Name = "LoadBalancing"
9516: 20:25:40.908 - Service shutting down
9516: 20:25:40.912 - Service shut down complete
